<?xml version="1.0" encoding="UTF-8"?>
<!-- Generated by org.testng.reporters.JUnitReportReporter -->
<testsuite skipped="0" hostname="WIN-7R0SSAJAA44" name="springboot.testng.core.imp.HttpTestngHandle" tests="4" failures="0" timestamp="14 五月 2020 08:28:30 GMT" time="5.026" errors="0">
  <testcase name="function" time="0.221" classname="springboot.testng.core.imp.HttpTestngHandle"/>
  <testcase name="function" time="0.225" classname="springboot.testng.core.imp.HttpTestngHandle"/>
  <testcase name="function" time="0.257" classname="springboot.testng.core.imp.HttpTestngHandle"/>
  <testcase name="function" time="4.323" classname="springboot.testng.core.imp.HttpTestngHandle"/>
</testsuite> <!-- springboot.testng.core.imp.HttpTestngHandle -->
